13:47:12 **** Programming project LED_Toggle_001 on chip ****
/Users/dhilan22/Applications/OpenSTM32/AC6/SystemWorkbench.app/Contents/Eclipse/plugins/fr.ac6.mcu.externaltools.openocd.macos64_1.23.0.201904120827/tools/openocd/bin/openocd -f stm32.flash.5666153364225689378.cfg -s "/Users/dhilan22/Documents/Learning/Embedded Systems/MasteringMCU/STM32 Workspace/LED_Toggle_001" -s /Users/dhilan22/Applications/OpenSTM32/AC6/SystemWorkbench.app/Contents/Eclipse/plugins/fr.ac6.mcu.debug_2.5.0.201904120827/resources/openocd/st_scripts -c "program Debug/LED_Toggle_001.elf verify reset " -c shutdown 
Open On-Chip Debugger 0.10.0+dev-00021-g524e8c8 (2019-04-12-08:42)
Licensed under GNU GPL v2
For bug reports, read
	http://openocd.org/doc/doxygen/bugs.html
srst_only separate srst_nogate srst_open_drain connect_assert_srst
Info : The selected transport took over low-level target control. The results might differ compared to plain JTAG/SWD
adapter speed: 8000 kHz
adapter_nsrst_delay: 100
Info : clock speed 8000 kHz
Info : STLINK v2.1 JTAG v25 API v2 M14 VID 0x0483 PID 0x374B
Info : using stlink api v2
Info : Target voltage: 2.905785
Info : Unable to match requested speed 8000 kHz, using 4000 kHz
Info : Stlink adapter speed set to 4000 kHz
Info : STM32F407VGTx.cpu: hardware has 6 breakpoints, 4 watchpoints
Info : Listening on port 3333 for gdb connections
target halted due to debug-request, current mode: Thread 
xPSR: 0x01000000 pc: 0x0800430c msp: 0x20020000
configuring PLL
Info : Unable to match requested speed 8000 kHz, using 4000 kHz
Info : Stlink adapter speed set to 4000 kHz
Info : Unable to match requested speed 8000 kHz, using 4000 kHz
adapter speed: 4000 kHz
** Programming Started **
auto erase enabled
Info : device id = 0x10076413
Info : flash size = 1024kbytes
target halted due to breakpoint, current mode: Thread 
xPSR: 0x61000000 pc: 0x20000046 msp: 0x20020000
wrote 32768 bytes from file Debug/LED_Toggle_001.elf in 1.068009s (29.962 KiB/s)
** Programming Finished **
** Verify Started **
target halted due to breakpoint, current mode: Thread 
xPSR: 0x61000000 pc: 0x2000002e msp: 0x20020000
target halted due to breakpoint, current mode: Thread 
xPSR: 0x61000000 pc: 0x2000002e msp: 0x20020000
verified 17964 bytes in 0.229100s (76.573 KiB/s)
** Verified OK **
** Resetting Target **
shutdown command invoked

13:47:14 Build Finished (took 1s.475ms)

